/home/omkolse/DHDR_bot/sperical_bot_2/install/sperical_bot_description/lib/python3.10/site-packages/sperical_bot_description/__init__.py
/home/omkolse/DHDR_bot/sperical_bot_2/install/sperical_bot_description/lib/python3.10/site-packages/sperical_bot_description/__pycache__/__init__.cpython-310.pyc
/home/omkolse/DHDR_bot/sperical_bot_2/install/sperical_bot_description/share/ament_index/resource_index/packages/sperical_bot_description
/home/omkolse/DHDR_bot/sperical_bot_2/install/sperical_bot_description/share/sperical_bot_description/package.xml
/home/omkolse/DHDR_bot/sperical_bot_2/install/sperical_bot_description/share/sperical_bot_description/launch/gazebo.launch.py
/home/omkolse/DHDR_bot/sperical_bot_2/install/sperical_bot_description/share/sperical_bot_description/launch/rsp.launch.py
/home/omkolse/DHDR_bot/sperical_bot_2/install/sperical_bot_description/share/sperical_bot_description/launch/display.launch.py
/home/omkolse/DHDR_bot/sperical_bot_2/install/sperical_bot_description/share/sperical_bot_description/launch/launch_sim.launch.py
/home/omkolse/DHDR_bot/sperical_bot_2/install/sperical_bot_description/share/sperical_bot_description/urdf/materials.xacro
/home/omkolse/DHDR_bot/sperical_bot_2/install/sperical_bot_description/share/sperical_bot_description/urdf/gazebo_control.xacro
/home/omkolse/DHDR_bot/sperical_bot_2/install/sperical_bot_description/share/sperical_bot_description/urdf/sperical_bot.trans
/home/omkolse/DHDR_bot/sperical_bot_2/install/sperical_bot_description/share/sperical_bot_description/urdf/lidar.xacro
/home/omkolse/DHDR_bot/sperical_bot_2/install/sperical_bot_description/share/sperical_bot_description/urdf/sperical_bot.xacro
/home/omkolse/DHDR_bot/sperical_bot_2/install/sperical_bot_description/share/sperical_bot_description/urdf/sperical_bot.gazebo
/home/omkolse/DHDR_bot/sperical_bot_2/install/sperical_bot_description/share/sperical_bot_description/meshes/caster_wheel_1.stl
/home/omkolse/DHDR_bot/sperical_bot_2/install/sperical_bot_description/share/sperical_bot_description/meshes/right_wheel_1.stl
/home/omkolse/DHDR_bot/sperical_bot_2/install/sperical_bot_description/share/sperical_bot_description/meshes/base_link.stl
/home/omkolse/DHDR_bot/sperical_bot_2/install/sperical_bot_description/share/sperical_bot_description/meshes/left_wheel_1.stl
/home/omkolse/DHDR_bot/sperical_bot_2/install/sperical_bot_description/share/sperical_bot_description/meshes/sensor_link_1.stl
/home/omkolse/DHDR_bot/sperical_bot_2/install/sperical_bot_description/share/sperical_bot_description/config
/home/omkolse/DHDR_bot/sperical_bot_2/install/sperical_bot_description/lib/python3.10/site-packages/sperical_bot_description-0.0.0-py3.10.egg-info/zip-safe
/home/omkolse/DHDR_bot/sperical_bot_2/install/sperical_bot_description/lib/python3.10/site-packages/sperical_bot_description-0.0.0-py3.10.egg-info/top_level.txt
/home/omkolse/DHDR_bot/sperical_bot_2/install/sperical_bot_description/lib/python3.10/site-packages/sperical_bot_description-0.0.0-py3.10.egg-info/entry_points.txt
/home/omkolse/DHDR_bot/sperical_bot_2/install/sperical_bot_description/lib/python3.10/site-packages/sperical_bot_description-0.0.0-py3.10.egg-info/requires.txt
/home/omkolse/DHDR_bot/sperical_bot_2/install/sperical_bot_description/lib/python3.10/site-packages/sperical_bot_description-0.0.0-py3.10.egg-info/dependency_links.txt
/home/omkolse/DHDR_bot/sperical_bot_2/install/sperical_bot_description/lib/python3.10/site-packages/sperical_bot_description-0.0.0-py3.10.egg-info/PKG-INFO
/home/omkolse/DHDR_bot/sperical_bot_2/install/sperical_bot_description/lib/python3.10/site-packages/sperical_bot_description-0.0.0-py3.10.egg-info/SOURCES.txt
