[0.840s] Invoking command in '/home/omkolse/DHDR_bot/sperical_bot_2/src/sperical_bot_description': PYTHONPATH=/home/omkolse/DHDR_bot/sperical_bot_2/build/sperical_bot_description/prefix_override:/usr/lib/python3/dist-packages/colcon_core/task/python/colcon_distutils_commands:/home/omkolse/DHDR_bot/sperical_bot_2/install/sperical_bot_description/lib/python3.10/site-packages:${PYTHONPATH} /usr/bin/python3 -W ignore:setup.py install is deprecated -W ignore:easy_install command is deprecated setup.py egg_info --egg-base ../../build/sperical_bot_description build --build-base /home/omkolse/DHDR_bot/sperical_bot_2/build/sperical_bot_description/build install --record /home/omkolse/DHDR_bot/sperical_bot_2/build/sperical_bot_description/install.log --install-scripts $base/lib/sperical_bot_description --single-version-externally-managed install_data
[1.049s] /usr/lib/python3/dist-packages/setuptools/dist.py:723: UserWarning: Usage of dash-separated 'script-dir' will not be supported in future versions. Please use the underscore name 'script_dir' instead
[1.050s]   warnings.warn(
[1.056s] running egg_info
[1.056s] writing ../../build/sperical_bot_description/sperical_bot_description.egg-info/PKG-INFO
[1.056s] writing dependency_links to ../../build/sperical_bot_description/sperical_bot_description.egg-info/dependency_links.txt
[1.057s] writing entry points to ../../build/sperical_bot_description/sperical_bot_description.egg-info/entry_points.txt
[1.057s] writing requirements to ../../build/sperical_bot_description/sperical_bot_description.egg-info/requires.txt
[1.057s] writing top-level names to ../../build/sperical_bot_description/sperical_bot_description.egg-info/top_level.txt
[1.058s] reading manifest file '../../build/sperical_bot_description/sperical_bot_description.egg-info/SOURCES.txt'
[1.059s] writing manifest file '../../build/sperical_bot_description/sperical_bot_description.egg-info/SOURCES.txt'
[1.059s] running build
[1.060s] running build_py
[1.060s] running install
[1.060s] running install_lib
[1.061s] running install_data
[1.061s] running install_egg_info
[1.062s] removing '/home/omkolse/DHDR_bot/sperical_bot_2/install/sperical_bot_description/lib/python3.10/site-packages/sperical_bot_description-0.0.0-py3.10.egg-info' (and everything under it)
[1.063s] Copying ../../build/sperical_bot_description/sperical_bot_description.egg-info to /home/omkolse/DHDR_bot/sperical_bot_2/install/sperical_bot_description/lib/python3.10/site-packages/sperical_bot_description-0.0.0-py3.10.egg-info
[1.064s] running install_scripts
[1.080s] writing list of installed files to '/home/omkolse/DHDR_bot/sperical_bot_2/build/sperical_bot_description/install.log'
