[0.065s] DEBUG:colcon:Command line arguments: ['/usr/bin/colcon', 'build', '--packages-select', 'sperical_bot_description']
[0.065s] DEBUG:colcon:Parsed command line arguments: Namespace(log_base=None, log_level=None, verb_name='build', build_base='build', install_base='install', merge_install=False, symlink_install=False, test_result_base=None, continue_on_error=False, executor='parallel', parallel_workers=12, event_handlers=None, ignore_user_meta=False, metas=['./colcon.meta'], base_paths=['.'], packages_ignore=None, packages_ignore_regex=None, paths=None, packages_up_to=None, packages_up_to_regex=None, packages_above=None, packages_above_and_dependencies=None, packages_above_depth=None, packages_select_by_dep=None, packages_skip_by_dep=None, packages_skip_up_to=None, packages_select_build_failed=False, packages_skip_build_finished=False, packages_select_test_failures=False, packages_skip_test_passed=False, packages_select=['sperical_bot_description'], packages_skip=None, packages_select_regex=None, packages_skip_regex=None, packages_start=None, packages_end=None, allow_overriding=[], cmake_args=None, cmake_target=None, cmake_target_skip_unavailable=False, cmake_clean_cache=False, cmake_clean_first=False, cmake_force_configure=False, ament_cmake_args=None, catkin_cmake_args=None, catkin_skip_building_tests=False, mixin_files=None, mixin=None, verb_parser=<colcon_mixin.mixin.mixin_argument.MixinArgumentDecorator object at 0x79bc7a6765f0>, verb_extension=<colcon_core.verb.build.BuildVerb object at 0x79bc7a676080>, main=<bound method BuildVerb.main of <colcon_core.verb.build.BuildVerb object at 0x79bc7a676080>>, mixin_verb=('build',))
[0.164s] Level 1:colcon.colcon_core.package_discovery:discover_packages(colcon_meta) check parameters
[0.164s] Level 1:colcon.colcon_core.package_discovery:discover_packages(recursive) check parameters
[0.164s] Level 1:colcon.colcon_core.package_discovery:discover_packages(ignore) check parameters
[0.164s] Level 1:colcon.colcon_core.package_discovery:discover_packages(path) check parameters
[0.164s] Level 1:colcon.colcon_core.package_discovery:discover_packages(colcon_meta) discover
[0.164s] Level 1:colcon.colcon_core.package_discovery:discover_packages(recursive) discover
[0.164s] INFO:colcon.colcon_core.package_discovery:Crawling recursively for packages in '/home/om_kolse/DHDR_bot/sperical_bot_2'
[0.164s] Level 1:colcon.colcon_core.package_identification:_identify(.) by extensions ['ignore', 'ignore_ament_install']
[0.165s] Level 1:colcon.colcon_core.package_identification:_identify(.) by extension 'ignore'
[0.165s] Level 1:colcon.colcon_core.package_identification:_identify(.) by extension 'ignore_ament_install'
[0.165s] Level 1:colcon.colcon_core.package_identification:_identify(.) by extensions ['colcon_pkg']
[0.165s] Level 1:colcon.colcon_core.package_identification:_identify(.) by extension 'colcon_pkg'
[0.165s] Level 1:colcon.colcon_core.package_identification:_identify(.) by extensions ['colcon_meta']
[0.165s] Level 1:colcon.colcon_core.package_identification:_identify(.) by extension 'colcon_meta'
[0.165s] Level 1:colcon.colcon_core.package_identification:_identify(.) by extensions ['ros']
[0.165s] Level 1:colcon.colcon_core.package_identification:_identify(.) by extension 'ros'
[0.171s] Level 1:colcon.colcon_core.package_identification:_identify(.) by extensions ['cmake', 'python']
[0.172s] Level 1:colcon.colcon_core.package_identification:_identify(.) by extension 'cmake'
[0.172s] Level 1:colcon.colcon_core.package_identification:_identify(.) by extension 'python'
[0.172s] Level 1:colcon.colcon_core.package_identification:_identify(.) by extensions ['python_setup_py']
[0.172s] Level 1:colcon.colcon_core.package_identification:_identify(.) by extension 'python_setup_py'
[0.172s] Level 1:colcon.colcon_core.package_identification:_identify(build) by extensions ['ignore', 'ignore_ament_install']
[0.172s] Level 1:colcon.colcon_core.package_identification:_identify(build) by extension 'ignore'
[0.172s] Level 1:colcon.colcon_core.package_identification:_identify(build) ignored
[0.172s] Level 1:colcon.colcon_core.package_identification:_identify(install) by extensions ['ignore', 'ignore_ament_install']
[0.172s] Level 1:colcon.colcon_core.package_identification:_identify(install) by extension 'ignore'
[0.172s] Level 1:colcon.colcon_core.package_identification:_identify(install) ignored
[0.172s] Level 1:colcon.colcon_core.package_identification:_identify(log) by extensions ['ignore', 'ignore_ament_install']
[0.172s] Level 1:colcon.colcon_core.package_identification:_identify(log) by extension 'ignore'
[0.172s] Level 1:colcon.colcon_core.package_identification:_identify(log) ignored
[0.172s] Level 1:colcon.colcon_core.package_identification:_identify(src) by extensions ['ignore', 'ignore_ament_install']
[0.172s] Level 1:colcon.colcon_core.package_identification:_identify(src) by extension 'ignore'
[0.172s] Level 1:colcon.colcon_core.package_identification:_identify(src) by extension 'ignore_ament_install'
[0.172s] Level 1:colcon.colcon_core.package_identification:_identify(src) by extensions ['colcon_pkg']
[0.172s] Level 1:colcon.colcon_core.package_identification:_identify(src) by extension 'colcon_pkg'
[0.172s] Level 1:colcon.colcon_core.package_identification:_identify(src) by extensions ['colcon_meta']
[0.172s] Level 1:colcon.colcon_core.package_identification:_identify(src) by extension 'colcon_meta'
[0.172s] Level 1:colcon.colcon_core.package_identification:_identify(src) by extensions ['ros']
[0.172s] Level 1:colcon.colcon_core.package_identification:_identify(src) by extension 'ros'
[0.172s] Level 1:colcon.colcon_core.package_identification:_identify(src) by extensions ['cmake', 'python']
[0.172s] Level 1:colcon.colcon_core.package_identification:_identify(src) by extension 'cmake'
[0.172s] Level 1:colcon.colcon_core.package_identification:_identify(src) by extension 'python'
[0.172s] Level 1:colcon.colcon_core.package_identification:_identify(src) by extensions ['python_setup_py']
[0.172s] Level 1:colcon.colcon_core.package_identification:_identify(src) by extension 'python_setup_py'
[0.172s] Level 1:colcon.colcon_core.package_identification:_identify(src/sperical_bot_description) by extensions ['ignore', 'ignore_ament_install']
[0.173s] Level 1:colcon.colcon_core.package_identification:_identify(src/sperical_bot_description) by extension 'ignore'
[0.173s] Level 1:colcon.colcon_core.package_identification:_identify(src/sperical_bot_description) by extension 'ignore_ament_install'
[0.173s] Level 1:colcon.colcon_core.package_identification:_identify(src/sperical_bot_description) by extensions ['colcon_pkg']
[0.173s] Level 1:colcon.colcon_core.package_identification:_identify(src/sperical_bot_description) by extension 'colcon_pkg'
[0.173s] Level 1:colcon.colcon_core.package_identification:_identify(src/sperical_bot_description) by extensions ['colcon_meta']
[0.173s] Level 1:colcon.colcon_core.package_identification:_identify(src/sperical_bot_description) by extension 'colcon_meta'
[0.173s] Level 1:colcon.colcon_core.package_identification:_identify(src/sperical_bot_description) by extensions ['ros']
[0.173s] Level 1:colcon.colcon_core.package_identification:_identify(src/sperical_bot_description) by extension 'ros'
[0.175s] DEBUG:colcon.colcon_core.package_identification:Package 'src/sperical_bot_description' with type 'ros.ament_python' and name 'sperical_bot_description'
[0.175s] Level 1:colcon.colcon_core.package_discovery:discover_packages(recursive) using defaults
[0.175s] Level 1:colcon.colcon_core.package_discovery:discover_packages(ignore) discover
[0.175s] Level 1:colcon.colcon_core.package_discovery:discover_packages(ignore) using defaults
[0.175s] Level 1:colcon.colcon_core.package_discovery:discover_packages(path) discover
[0.175s] Level 1:colcon.colcon_core.package_discovery:discover_packages(path) using defaults
[0.195s] Level 1:colcon.colcon_core.package_discovery:discover_packages(prefix_path) check parameters
[0.195s] Level 1:colcon.colcon_core.package_discovery:discover_packages(prefix_path) discover
[0.196s] DEBUG:colcon.colcon_installed_package_information.package_discovery:Found 1 installed packages in /home/om_kolse/DHDR_bot/sperical_bot_2/install
[0.196s] DEBUG:colcon.colcon_installed_package_information.package_discovery:Found 324 installed packages in /opt/ros/humble
[0.197s] Level 1:colcon.colcon_core.package_discovery:discover_packages(prefix_path) using defaults
[0.221s] Level 5:colcon.colcon_core.verb:set package 'sperical_bot_description' build argument 'cmake_args' from command line to 'None'
[0.221s] Level 5:colcon.colcon_core.verb:set package 'sperical_bot_description' build argument 'cmake_target' from command line to 'None'
[0.221s] Level 5:colcon.colcon_core.verb:set package 'sperical_bot_description' build argument 'cmake_target_skip_unavailable' from command line to 'False'
[0.221s] Level 5:colcon.colcon_core.verb:set package 'sperical_bot_description' build argument 'cmake_clean_cache' from command line to 'False'
[0.222s] Level 5:colcon.colcon_core.verb:set package 'sperical_bot_description' build argument 'cmake_clean_first' from command line to 'False'
[0.222s] Level 5:colcon.colcon_core.verb:set package 'sperical_bot_description' build argument 'cmake_force_configure' from command line to 'False'
[0.222s] Level 5:colcon.colcon_core.verb:set package 'sperical_bot_description' build argument 'ament_cmake_args' from command line to 'None'
[0.222s] Level 5:colcon.colcon_core.verb:set package 'sperical_bot_description' build argument 'catkin_cmake_args' from command line to 'None'
[0.222s] Level 5:colcon.colcon_core.verb:set package 'sperical_bot_description' build argument 'catkin_skip_building_tests' from command line to 'False'
[0.222s] DEBUG:colcon.colcon_core.verb:Building package 'sperical_bot_description' with the following arguments: {'ament_cmake_args': None, 'build_base': '/home/om_kolse/DHDR_bot/sperical_bot_2/build/sperical_bot_description', 'catkin_cmake_args': None, 'catkin_skip_building_tests': False, 'cmake_args': None, 'cmake_clean_cache': False, 'cmake_clean_first': False, 'cmake_force_configure': False, 'cmake_target': None, 'cmake_target_skip_unavailable': False, 'install_base': '/home/om_kolse/DHDR_bot/sperical_bot_2/install/sperical_bot_description', 'merge_install': False, 'path': '/home/om_kolse/DHDR_bot/sperical_bot_2/src/sperical_bot_description', 'symlink_install': False, 'test_result_base': None}
[0.222s] INFO:colcon.colcon_core.executor:Executing jobs using 'parallel' executor
[0.222s] DEBUG:colcon.colcon_parallel_executor.executor.parallel:run_until_complete
[0.223s] INFO:colcon.colcon_ros.task.ament_python.build:Building ROS package in '/home/om_kolse/DHDR_bot/sperical_bot_2/src/sperical_bot_description' with build type 'ament_python'
[0.223s] Level 1:colcon.colcon_core.shell:create_environment_hook('sperical_bot_description', 'ament_prefix_path')
[0.224s] INFO:colcon.colcon_core.plugin_system:Skipping extension 'colcon_core.shell.bat': Not used on non-Windows systems
[0.224s] INFO:colcon.colcon_core.shell:Creating environment hook '/home/om_kolse/DHDR_bot/sperical_bot_2/install/sperical_bot_description/share/sperical_bot_description/hook/ament_prefix_path.ps1'
[0.224s] INFO:colcon.colcon_core.shell:Creating environment descriptor '/home/om_kolse/DHDR_bot/sperical_bot_2/install/sperical_bot_description/share/sperical_bot_description/hook/ament_prefix_path.dsv'
[0.225s] INFO:colcon.colcon_core.shell:Creating environment hook '/home/om_kolse/DHDR_bot/sperical_bot_2/install/sperical_bot_description/share/sperical_bot_description/hook/ament_prefix_path.sh'
[0.225s] INFO:colcon.colcon_core.shell:Skip shell extension 'powershell' for command environment: Not usable outside of PowerShell
[0.225s] DEBUG:colcon.colcon_core.shell:Skip shell extension 'dsv' for command environment
[0.384s] INFO:colcon.colcon_core.task.python.build:Building Python package in '/home/om_kolse/DHDR_bot/sperical_bot_2/src/sperical_bot_description'
[0.384s] INFO:colcon.colcon_core.shell:Skip shell extension 'powershell' for command environment: Not usable outside of PowerShell
[0.384s] DEBUG:colcon.colcon_core.shell:Skip shell extension 'dsv' for command environment
[0.601s] DEBUG:colcon.colcon_core.event_handler.log_command:Invoking command in '/home/om_kolse/DHDR_bot/sperical_bot_2/src/sperical_bot_description': PYTHONPATH=/home/om_kolse/DHDR_bot/sperical_bot_2/build/sperical_bot_description/prefix_override:/usr/lib/python3/dist-packages/colcon_core/task/python/colcon_distutils_commands:/home/om_kolse/DHDR_bot/sperical_bot_2/install/sperical_bot_description/lib/python3.10/site-packages:${PYTHONPATH} /usr/bin/python3 -W ignore:setup.py install is deprecated -W ignore:easy_install command is deprecated setup.py egg_info --egg-base ../../build/sperical_bot_description build --build-base /home/om_kolse/DHDR_bot/sperical_bot_2/build/sperical_bot_description/build install --record /home/om_kolse/DHDR_bot/sperical_bot_2/build/sperical_bot_description/install.log --install-scripts $base/lib/sperical_bot_description --single-version-externally-managed install_data
[0.790s] DEBUG:colcon.colcon_core.event_handler.log_command:Invoked command in '/home/om_kolse/DHDR_bot/sperical_bot_2/src/sperical_bot_description' returned '0': PYTHONPATH=/home/om_kolse/DHDR_bot/sperical_bot_2/build/sperical_bot_description/prefix_override:/usr/lib/python3/dist-packages/colcon_core/task/python/colcon_distutils_commands:/home/om_kolse/DHDR_bot/sperical_bot_2/install/sperical_bot_description/lib/python3.10/site-packages:${PYTHONPATH} /usr/bin/python3 -W ignore:setup.py install is deprecated -W ignore:easy_install command is deprecated setup.py egg_info --egg-base ../../build/sperical_bot_description build --build-base /home/om_kolse/DHDR_bot/sperical_bot_2/build/sperical_bot_description/build install --record /home/om_kolse/DHDR_bot/sperical_bot_2/build/sperical_bot_description/install.log --install-scripts $base/lib/sperical_bot_description --single-version-externally-managed install_data
[0.792s] Level 1:colcon.colcon_core.environment:checking '/home/om_kolse/DHDR_bot/sperical_bot_2/install/sperical_bot_description' for CMake module files
[0.792s] Level 1:colcon.colcon_core.environment:checking '/home/om_kolse/DHDR_bot/sperical_bot_2/install/sperical_bot_description' for CMake config files
[0.792s] Level 1:colcon.colcon_core.environment:checking '/home/om_kolse/DHDR_bot/sperical_bot_2/install/sperical_bot_description/lib'
[0.792s] Level 1:colcon.colcon_core.environment:checking '/home/om_kolse/DHDR_bot/sperical_bot_2/install/sperical_bot_description/bin'
[0.792s] Level 1:colcon.colcon_core.environment:checking '/home/om_kolse/DHDR_bot/sperical_bot_2/install/sperical_bot_description/lib/pkgconfig/sperical_bot_description.pc'
[0.793s] Level 1:colcon.colcon_core.environment:checking '/home/om_kolse/DHDR_bot/sperical_bot_2/install/sperical_bot_description/lib/python3.10/site-packages'
[0.793s] Level 1:colcon.colcon_core.shell:create_environment_hook('sperical_bot_description', 'pythonpath')
[0.793s] INFO:colcon.colcon_core.shell:Creating environment hook '/home/om_kolse/DHDR_bot/sperical_bot_2/install/sperical_bot_description/share/sperical_bot_description/hook/pythonpath.ps1'
[0.793s] INFO:colcon.colcon_core.shell:Creating environment descriptor '/home/om_kolse/DHDR_bot/sperical_bot_2/install/sperical_bot_description/share/sperical_bot_description/hook/pythonpath.dsv'
[0.794s] INFO:colcon.colcon_core.shell:Creating environment hook '/home/om_kolse/DHDR_bot/sperical_bot_2/install/sperical_bot_description/share/sperical_bot_description/hook/pythonpath.sh'
[0.794s] Level 1:colcon.colcon_core.environment:checking '/home/om_kolse/DHDR_bot/sperical_bot_2/install/sperical_bot_description/bin'
[0.794s] Level 1:colcon.colcon_core.environment:create_environment_scripts_only(sperical_bot_description)
[0.794s] INFO:colcon.colcon_core.shell:Creating package script '/home/om_kolse/DHDR_bot/sperical_bot_2/install/sperical_bot_description/share/sperical_bot_description/package.ps1'
[0.795s] INFO:colcon.colcon_core.shell:Creating package descriptor '/home/om_kolse/DHDR_bot/sperical_bot_2/install/sperical_bot_description/share/sperical_bot_description/package.dsv'
[0.795s] INFO:colcon.colcon_core.shell:Creating package script '/home/om_kolse/DHDR_bot/sperical_bot_2/install/sperical_bot_description/share/sperical_bot_description/package.sh'
[0.796s] INFO:colcon.colcon_core.shell:Creating package script '/home/om_kolse/DHDR_bot/sperical_bot_2/install/sperical_bot_description/share/sperical_bot_description/package.bash'
[0.796s] INFO:colcon.colcon_core.shell:Creating package script '/home/om_kolse/DHDR_bot/sperical_bot_2/install/sperical_bot_description/share/sperical_bot_description/package.zsh'
[0.796s] Level 1:colcon.colcon_core.environment:create_file_with_runtime_dependencies(/home/om_kolse/DHDR_bot/sperical_bot_2/install/sperical_bot_description/share/colcon-core/packages/sperical_bot_description)
[0.797s] DEBUG:colcon.colcon_parallel_executor.executor.parallel:closing loop
[0.797s] DEBUG:colcon.colcon_parallel_executor.executor.parallel:loop closed
[0.797s] DEBUG:colcon.colcon_parallel_executor.executor.parallel:run_until_complete finished with '0'
[0.797s] DEBUG:colcon.colcon_core.event_reactor:joining thread
[0.800s] INFO:colcon.colcon_core.plugin_system:Skipping extension 'colcon_notification.desktop_notification.terminal_notifier': Not used on non-Darwin systems
[0.800s] INFO:colcon.colcon_core.plugin_system:Skipping extension 'colcon_notification.desktop_notification.win32': Not used on non-Windows systems
[0.800s] INFO:colcon.colcon_notification.desktop_notification:Sending desktop notification using 'notify2'
[0.807s] DEBUG:colcon.colcon_core.event_reactor:joined thread
[0.808s] INFO:colcon.colcon_core.shell:Creating prefix script '/home/om_kolse/DHDR_bot/sperical_bot_2/install/local_setup.ps1'
[0.808s] INFO:colcon.colcon_core.shell:Creating prefix util module '/home/om_kolse/DHDR_bot/sperical_bot_2/install/_local_setup_util_ps1.py'
[0.809s] INFO:colcon.colcon_core.shell:Creating prefix chain script '/home/om_kolse/DHDR_bot/sperical_bot_2/install/setup.ps1'
[0.810s] INFO:colcon.colcon_core.shell:Creating prefix script '/home/om_kolse/DHDR_bot/sperical_bot_2/install/local_setup.sh'
[0.811s] INFO:colcon.colcon_core.shell:Creating prefix util module '/home/om_kolse/DHDR_bot/sperical_bot_2/install/_local_setup_util_sh.py'
[0.811s] INFO:colcon.colcon_core.shell:Creating prefix chain script '/home/om_kolse/DHDR_bot/sperical_bot_2/install/setup.sh'
[0.812s] INFO:colcon.colcon_core.shell:Creating prefix script '/home/om_kolse/DHDR_bot/sperical_bot_2/install/local_setup.bash'
[0.812s] INFO:colcon.colcon_core.shell:Creating prefix chain script '/home/om_kolse/DHDR_bot/sperical_bot_2/install/setup.bash'
[0.812s] INFO:colcon.colcon_core.shell:Creating prefix script '/home/om_kolse/DHDR_bot/sperical_bot_2/install/local_setup.zsh'
[0.813s] INFO:colcon.colcon_core.shell:Creating prefix chain script '/home/om_kolse/DHDR_bot/sperical_bot_2/install/setup.zsh'
