running egg_info
creating ../../build/sperical_bot_description/sperical_bot_description.egg-info
writing ../../build/sperical_bot_description/sperical_bot_description.egg-info/PKG-INFO
writing dependency_links to ../../build/sperical_bot_description/sperical_bot_description.egg-info/dependency_links.txt
writing entry points to ../../build/sperical_bot_description/sperical_bot_description.egg-info/entry_points.txt
writing requirements to ../../build/sperical_bot_description/sperical_bot_description.egg-info/requires.txt
writing top-level names to ../../build/sperical_bot_description/sperical_bot_description.egg-info/top_level.txt
writing manifest file '../../build/sperical_bot_description/sperical_bot_description.egg-info/SOURCES.txt'
reading manifest file '../../build/sperical_bot_description/sperical_bot_description.egg-info/SOURCES.txt'
writing manifest file '../../build/sperical_bot_description/sperical_bot_description.egg-info/SOURCES.txt'
running build
running build_py
creating /home/om_kolse/DHDR_bot/sperical_bot_2/build/sperical_bot_description/build
creating /home/om_kolse/DHDR_bot/sperical_bot_2/build/sperical_bot_description/build/lib
creating /home/om_kolse/DHDR_bot/sperical_bot_2/build/sperical_bot_description/build/lib/sperical_bot_description
copying sperical_bot_description/__init__.py -> /home/om_kolse/DHDR_bot/sperical_bot_2/build/sperical_bot_description/build/lib/sperical_bot_description
running install
running install_lib
creating /home/om_kolse/DHDR_bot/sperical_bot_2/install/sperical_bot_description/lib/python3.10/site-packages/sperical_bot_description
copying /home/om_kolse/DHDR_bot/sperical_bot_2/build/sperical_bot_description/build/lib/sperical_bot_description/__init__.py -> /home/om_kolse/DHDR_bot/sperical_bot_2/install/sperical_bot_description/lib/python3.10/site-packages/sperical_bot_description
byte-compiling /home/om_kolse/DHDR_bot/sperical_bot_2/install/sperical_bot_description/lib/python3.10/site-packages/sperical_bot_description/__init__.py to __init__.cpython-310.pyc
running install_data
creating /home/om_kolse/DHDR_bot/sperical_bot_2/install/sperical_bot_description/share/ament_index
creating /home/om_kolse/DHDR_bot/sperical_bot_2/install/sperical_bot_description/share/ament_index/resource_index
creating /home/om_kolse/DHDR_bot/sperical_bot_2/install/sperical_bot_description/share/ament_index/resource_index/packages
copying resource/sperical_bot_description -> /home/om_kolse/DHDR_bot/sperical_bot_2/install/sperical_bot_description/share/ament_index/resource_index/packages
copying package.xml -> /home/om_kolse/DHDR_bot/sperical_bot_2/install/sperical_bot_description/share/sperical_bot_description
creating /home/om_kolse/DHDR_bot/sperical_bot_2/install/sperical_bot_description/share/sperical_bot_description/launch
copying launch/control.launch.py -> /home/om_kolse/DHDR_bot/sperical_bot_2/install/sperical_bot_description/share/sperical_bot_description/launch
copying launch/gazebo.launch.py -> /home/om_kolse/DHDR_bot/sperical_bot_2/install/sperical_bot_description/share/sperical_bot_description/launch
copying launch/display.launch.py -> /home/om_kolse/DHDR_bot/sperical_bot_2/install/sperical_bot_description/share/sperical_bot_description/launch
creating /home/om_kolse/DHDR_bot/sperical_bot_2/install/sperical_bot_description/share/sperical_bot_description/urdf
copying urdf/sperical_bot.xacro -> /home/om_kolse/DHDR_bot/sperical_bot_2/install/sperical_bot_description/share/sperical_bot_description/urdf
copying urdf/sperical_bot.trans -> /home/om_kolse/DHDR_bot/sperical_bot_2/install/sperical_bot_description/share/sperical_bot_description/urdf
copying urdf/sperical_bot.gazebo -> /home/om_kolse/DHDR_bot/sperical_bot_2/install/sperical_bot_description/share/sperical_bot_description/urdf
copying urdf/materials.xacro -> /home/om_kolse/DHDR_bot/sperical_bot_2/install/sperical_bot_description/share/sperical_bot_description/urdf
creating /home/om_kolse/DHDR_bot/sperical_bot_2/install/sperical_bot_description/share/sperical_bot_description/meshes
copying meshes/right_wheel_1.stl -> /home/om_kolse/DHDR_bot/sperical_bot_2/install/sperical_bot_description/share/sperical_bot_description/meshes
copying meshes/base_link.stl -> /home/om_kolse/DHDR_bot/sperical_bot_2/install/sperical_bot_description/share/sperical_bot_description/meshes
copying meshes/caster_wheel_1.stl -> /home/om_kolse/DHDR_bot/sperical_bot_2/install/sperical_bot_description/share/sperical_bot_description/meshes
copying meshes/sensor_link_1.stl -> /home/om_kolse/DHDR_bot/sperical_bot_2/install/sperical_bot_description/share/sperical_bot_description/meshes
copying meshes/left_wheel_1.stl -> /home/om_kolse/DHDR_bot/sperical_bot_2/install/sperical_bot_description/share/sperical_bot_description/meshes
creating /home/om_kolse/DHDR_bot/sperical_bot_2/install/sperical_bot_description/share/sperical_bot_description/config
copying config/display.rviz -> /home/om_kolse/DHDR_bot/sperical_bot_2/install/sperical_bot_description/share/sperical_bot_description/config
copying config/controllers.yaml -> /home/om_kolse/DHDR_bot/sperical_bot_2/install/sperical_bot_description/share/sperical_bot_description/config
running install_egg_info
Copying ../../build/sperical_bot_description/sperical_bot_description.egg-info to /home/om_kolse/DHDR_bot/sperical_bot_2/install/sperical_bot_description/lib/python3.10/site-packages/sperical_bot_description-0.0.0-py3.10.egg-info
running install_scripts
writing list of installed files to '/home/om_kolse/DHDR_bot/sperical_bot_2/build/sperical_bot_description/install.log'
