[0.461s] Invoking command in '/home/om_kolse/DHDR_bot/sperical_bot_2/sperical_bot/sperical_bot_description': PYTHONPATH=/home/om_kolse/DHDR_bot/sperical_bot_2/build/sperical_bot_description/prefix_override:/usr/lib/python3/dist-packages/colcon_core/task/python/colcon_distutils_commands:/home/om_kolse/DHDR_bot/sperical_bot_2/install/sperical_bot_description/lib/python3.10/site-packages:${PYTHONPATH} /usr/bin/python3 -W ignore:setup.py install is deprecated -W ignore:easy_install command is deprecated setup.py egg_info --egg-base ../../build/sperical_bot_description build --build-base /home/om_kolse/DHDR_bot/sperical_bot_2/build/sperical_bot_description/build install --record /home/om_kolse/DHDR_bot/sperical_bot_2/build/sperical_bot_description/install.log --install-scripts $base/lib/sperical_bot_description --single-version-externally-managed install_data
[0.598s] /usr/lib/python3/dist-packages/setuptools/dist.py:723: UserWarning: Usage of dash-separated 'script-dir' will not be supported in future versions. Please use the underscore name 'script_dir' instead
[0.598s]   warnings.warn(
[0.603s] running egg_info
[0.603s] creating ../../build/sperical_bot_description/sperical_bot_description.egg-info
[0.603s] writing ../../build/sperical_bot_description/sperical_bot_description.egg-info/PKG-INFO
[0.604s] writing dependency_links to ../../build/sperical_bot_description/sperical_bot_description.egg-info/dependency_links.txt
[0.604s] writing entry points to ../../build/sperical_bot_description/sperical_bot_description.egg-info/entry_points.txt
[0.604s] writing requirements to ../../build/sperical_bot_description/sperical_bot_description.egg-info/requires.txt
[0.604s] writing top-level names to ../../build/sperical_bot_description/sperical_bot_description.egg-info/top_level.txt
[0.604s] writing manifest file '../../build/sperical_bot_description/sperical_bot_description.egg-info/SOURCES.txt'
[0.605s] reading manifest file '../../build/sperical_bot_description/sperical_bot_description.egg-info/SOURCES.txt'
[0.605s] writing manifest file '../../build/sperical_bot_description/sperical_bot_description.egg-info/SOURCES.txt'
[0.605s] running build
[0.605s] running build_py
[0.605s] creating /home/om_kolse/DHDR_bot/sperical_bot_2/build/sperical_bot_description/build
[0.606s] creating /home/om_kolse/DHDR_bot/sperical_bot_2/build/sperical_bot_description/build/lib
[0.606s] creating /home/om_kolse/DHDR_bot/sperical_bot_2/build/sperical_bot_description/build/lib/sperical_bot_description
[0.606s] copying sperical_bot_description/__init__.py -> /home/om_kolse/DHDR_bot/sperical_bot_2/build/sperical_bot_description/build/lib/sperical_bot_description
[0.606s] running install
[0.606s] running install_lib
[0.606s] creating /home/om_kolse/DHDR_bot/sperical_bot_2/install/sperical_bot_description/lib/python3.10/site-packages/sperical_bot_description
[0.606s] copying /home/om_kolse/DHDR_bot/sperical_bot_2/build/sperical_bot_description/build/lib/sperical_bot_description/__init__.py -> /home/om_kolse/DHDR_bot/sperical_bot_2/install/sperical_bot_description/lib/python3.10/site-packages/sperical_bot_description
[0.606s] byte-compiling /home/om_kolse/DHDR_bot/sperical_bot_2/install/sperical_bot_description/lib/python3.10/site-packages/sperical_bot_description/__init__.py to __init__.cpython-310.pyc
[0.607s] running install_data
[0.607s] creating /home/om_kolse/DHDR_bot/sperical_bot_2/install/sperical_bot_description/share/ament_index
[0.607s] creating /home/om_kolse/DHDR_bot/sperical_bot_2/install/sperical_bot_description/share/ament_index/resource_index
[0.607s] creating /home/om_kolse/DHDR_bot/sperical_bot_2/install/sperical_bot_description/share/ament_index/resource_index/packages
[0.607s] copying resource/sperical_bot_description -> /home/om_kolse/DHDR_bot/sperical_bot_2/install/sperical_bot_description/share/ament_index/resource_index/packages
[0.607s] copying package.xml -> /home/om_kolse/DHDR_bot/sperical_bot_2/install/sperical_bot_description/share/sperical_bot_description
[0.607s] creating /home/om_kolse/DHDR_bot/sperical_bot_2/install/sperical_bot_description/share/sperical_bot_description/launch
[0.607s] copying launch/control.launch.py -> /home/om_kolse/DHDR_bot/sperical_bot_2/install/sperical_bot_description/share/sperical_bot_description/launch
[0.607s] copying launch/gazebo.launch.py -> /home/om_kolse/DHDR_bot/sperical_bot_2/install/sperical_bot_description/share/sperical_bot_description/launch
[0.607s] copying launch/display.launch.py -> /home/om_kolse/DHDR_bot/sperical_bot_2/install/sperical_bot_description/share/sperical_bot_description/launch
[0.607s] creating /home/om_kolse/DHDR_bot/sperical_bot_2/install/sperical_bot_description/share/sperical_bot_description/urdf
[0.607s] copying urdf/sperical_bot.xacro -> /home/om_kolse/DHDR_bot/sperical_bot_2/install/sperical_bot_description/share/sperical_bot_description/urdf
[0.607s] copying urdf/sperical_bot.trans -> /home/om_kolse/DHDR_bot/sperical_bot_2/install/sperical_bot_description/share/sperical_bot_description/urdf
[0.607s] copying urdf/sperical_bot.gazebo -> /home/om_kolse/DHDR_bot/sperical_bot_2/install/sperical_bot_description/share/sperical_bot_description/urdf
[0.607s] copying urdf/materials.xacro -> /home/om_kolse/DHDR_bot/sperical_bot_2/install/sperical_bot_description/share/sperical_bot_description/urdf
[0.607s] creating /home/om_kolse/DHDR_bot/sperical_bot_2/install/sperical_bot_description/share/sperical_bot_description/meshes
[0.607s] copying meshes/right_wheel_1.stl -> /home/om_kolse/DHDR_bot/sperical_bot_2/install/sperical_bot_description/share/sperical_bot_description/meshes
[0.607s] copying meshes/base_link.stl -> /home/om_kolse/DHDR_bot/sperical_bot_2/install/sperical_bot_description/share/sperical_bot_description/meshes
[0.607s] copying meshes/caster_wheel_1.stl -> /home/om_kolse/DHDR_bot/sperical_bot_2/install/sperical_bot_description/share/sperical_bot_description/meshes
[0.608s] copying meshes/sensor_link_1.stl -> /home/om_kolse/DHDR_bot/sperical_bot_2/install/sperical_bot_description/share/sperical_bot_description/meshes
[0.608s] copying meshes/left_wheel_1.stl -> /home/om_kolse/DHDR_bot/sperical_bot_2/install/sperical_bot_description/share/sperical_bot_description/meshes
[0.608s] creating /home/om_kolse/DHDR_bot/sperical_bot_2/install/sperical_bot_description/share/sperical_bot_description/config
[0.608s] copying config/display.rviz -> /home/om_kolse/DHDR_bot/sperical_bot_2/install/sperical_bot_description/share/sperical_bot_description/config
[0.608s] copying config/controllers.yaml -> /home/om_kolse/DHDR_bot/sperical_bot_2/install/sperical_bot_description/share/sperical_bot_description/config
[0.608s] running install_egg_info
[0.609s] Copying ../../build/sperical_bot_description/sperical_bot_description.egg-info to /home/om_kolse/DHDR_bot/sperical_bot_2/install/sperical_bot_description/lib/python3.10/site-packages/sperical_bot_description-0.0.0-py3.10.egg-info
[0.610s] running install_scripts
[0.623s] writing list of installed files to '/home/om_kolse/DHDR_bot/sperical_bot_2/build/sperical_bot_description/install.log'
[0.640s] Invoked command in '/home/om_kolse/DHDR_bot/sperical_bot_2/sperical_bot/sperical_bot_description' returned '0': PYTHONPATH=/home/om_kolse/DHDR_bot/sperical_bot_2/build/sperical_bot_description/prefix_override:/usr/lib/python3/dist-packages/colcon_core/task/python/colcon_distutils_commands:/home/om_kolse/DHDR_bot/sperical_bot_2/install/sperical_bot_description/lib/python3.10/site-packages:${PYTHONPATH} /usr/bin/python3 -W ignore:setup.py install is deprecated -W ignore:easy_install command is deprecated setup.py egg_info --egg-base ../../build/sperical_bot_description build --build-base /home/om_kolse/DHDR_bot/sperical_bot_2/build/sperical_bot_description/build install --record /home/om_kolse/DHDR_bot/sperical_bot_2/build/sperical_bot_description/install.log --install-scripts $base/lib/sperical_bot_description --single-version-externally-managed install_data
