[0.553s] Invoking command in '/home/omkolse/DHDR_bot/sperical_bot_2/src/sperical_bot_description': PYTHONPATH=/home/omkolse/DHDR_bot/sperical_bot_2/build/sperical_bot_description/prefix_override:/usr/lib/python3/dist-packages/colcon_core/task/python/colcon_distutils_commands:/home/omkolse/DHDR_bot/sperical_bot_2/install/sperical_bot_description/lib/python3.10/site-packages:${PYTHONPATH} /usr/bin/python3 -W ignore:setup.py install is deprecated -W ignore:easy_install command is deprecated setup.py egg_info --egg-base ../../build/sperical_bot_description build --build-base /home/omkolse/DHDR_bot/sperical_bot_2/build/sperical_bot_description/build install --record /home/omkolse/DHDR_bot/sperical_bot_2/build/sperical_bot_description/install.log --install-scripts $base/lib/sperical_bot_description --single-version-externally-managed install_data
[0.752s] /usr/lib/python3/dist-packages/setuptools/dist.py:723: UserWarning: Usage of dash-separated 'script-dir' will not be supported in future versions. Please use the underscore name 'script_dir' instead
[0.753s]   warnings.warn(
[0.758s] running egg_info
[0.759s] writing ../../build/sperical_bot_description/sperical_bot_description.egg-info/PKG-INFO
[0.759s] writing dependency_links to ../../build/sperical_bot_description/sperical_bot_description.egg-info/dependency_links.txt
[0.759s] writing entry points to ../../build/sperical_bot_description/sperical_bot_description.egg-info/entry_points.txt
[0.759s] writing requirements to ../../build/sperical_bot_description/sperical_bot_description.egg-info/requires.txt
[0.759s] writing top-level names to ../../build/sperical_bot_description/sperical_bot_description.egg-info/top_level.txt
[0.760s] reading manifest file '../../build/sperical_bot_description/sperical_bot_description.egg-info/SOURCES.txt'
[0.761s] writing manifest file '../../build/sperical_bot_description/sperical_bot_description.egg-info/SOURCES.txt'
[0.762s] running build
[0.762s] running build_py
[0.762s] running install
[0.762s] running install_lib
[0.762s] running install_data
[0.763s] running install_egg_info
[0.764s] removing '/home/omkolse/DHDR_bot/sperical_bot_2/install/sperical_bot_description/lib/python3.10/site-packages/sperical_bot_description-0.0.0-py3.10.egg-info' (and everything under it)
[0.764s] Copying ../../build/sperical_bot_description/sperical_bot_description.egg-info to /home/omkolse/DHDR_bot/sperical_bot_2/install/sperical_bot_description/lib/python3.10/site-packages/sperical_bot_description-0.0.0-py3.10.egg-info
[0.765s] running install_scripts
[0.779s] writing list of installed files to '/home/omkolse/DHDR_bot/sperical_bot_2/build/sperical_bot_description/install.log'
[0.797s] Invoked command in '/home/omkolse/DHDR_bot/sperical_bot_2/src/sperical_bot_description' returned '0': PYTHONPATH=/home/omkolse/DHDR_bot/sperical_bot_2/build/sperical_bot_description/prefix_override:/usr/lib/python3/dist-packages/colcon_core/task/python/colcon_distutils_commands:/home/omkolse/DHDR_bot/sperical_bot_2/install/sperical_bot_description/lib/python3.10/site-packages:${PYTHONPATH} /usr/bin/python3 -W ignore:setup.py install is deprecated -W ignore:easy_install command is deprecated setup.py egg_info --egg-base ../../build/sperical_bot_description build --build-base /home/omkolse/DHDR_bot/sperical_bot_2/build/sperical_bot_description/build install --record /home/omkolse/DHDR_bot/sperical_bot_2/build/sperical_bot_description/install.log --install-scripts $base/lib/sperical_bot_description --single-version-externally-managed install_data
