[0.376s] Invoking command in '/home/om_kolse/DHDR_bot/sperical_bot_2/sperical_bot/sperical_bot_description': PYTHONPATH=/home/om_kolse/DHDR_bot/sperical_bot_2/build/sperical_bot_description/prefix_override:/usr/lib/python3/dist-packages/colcon_core/task/python/colcon_distutils_commands:/home/om_kolse/DHDR_bot/sperical_bot_2/install/sperical_bot_description/lib/python3.10/site-packages:${PYTHONPATH} /usr/bin/python3 -W ignore:setup.py install is deprecated -W ignore:easy_install command is deprecated setup.py egg_info --egg-base ../../build/sperical_bot_description build --build-base /home/om_kolse/DHDR_bot/sperical_bot_2/build/sperical_bot_description/build install --record /home/om_kolse/DHDR_bot/sperical_bot_2/build/sperical_bot_description/install.log --install-scripts $base/lib/sperical_bot_description --single-version-externally-managed install_data
[0.512s] /usr/lib/python3/dist-packages/setuptools/dist.py:723: UserWarning: Usage of dash-separated 'script-dir' will not be supported in future versions. Please use the underscore name 'script_dir' instead
[0.512s]   warnings.warn(
[0.517s] running egg_info
[0.517s] writing ../../build/sperical_bot_description/sperical_bot_description.egg-info/PKG-INFO
[0.517s] writing dependency_links to ../../build/sperical_bot_description/sperical_bot_description.egg-info/dependency_links.txt
[0.517s] writing entry points to ../../build/sperical_bot_description/sperical_bot_description.egg-info/entry_points.txt
[0.517s] writing requirements to ../../build/sperical_bot_description/sperical_bot_description.egg-info/requires.txt
[0.517s] writing top-level names to ../../build/sperical_bot_description/sperical_bot_description.egg-info/top_level.txt
[0.518s] reading manifest file '../../build/sperical_bot_description/sperical_bot_description.egg-info/SOURCES.txt'
[0.519s] writing manifest file '../../build/sperical_bot_description/sperical_bot_description.egg-info/SOURCES.txt'
[0.519s] running build
[0.519s] running build_py
[0.519s] running install
[0.519s] running install_lib
[0.520s] running install_data
[0.520s] copying urdf/sperical_bot.gazebo -> /home/om_kolse/DHDR_bot/sperical_bot_2/install/sperical_bot_description/share/sperical_bot_description/urdf
[0.520s] running install_egg_info
[0.521s] removing '/home/om_kolse/DHDR_bot/sperical_bot_2/install/sperical_bot_description/lib/python3.10/site-packages/sperical_bot_description-0.0.0-py3.10.egg-info' (and everything under it)
[0.521s] Copying ../../build/sperical_bot_description/sperical_bot_description.egg-info to /home/om_kolse/DHDR_bot/sperical_bot_2/install/sperical_bot_description/lib/python3.10/site-packages/sperical_bot_description-0.0.0-py3.10.egg-info
[0.522s] running install_scripts
[0.537s] writing list of installed files to '/home/om_kolse/DHDR_bot/sperical_bot_2/build/sperical_bot_description/install.log'
[0.553s] Invoked command in '/home/om_kolse/DHDR_bot/sperical_bot_2/sperical_bot/sperical_bot_description' returned '0': PYTHONPATH=/home/om_kolse/DHDR_bot/sperical_bot_2/build/sperical_bot_description/prefix_override:/usr/lib/python3/dist-packages/colcon_core/task/python/colcon_distutils_commands:/home/om_kolse/DHDR_bot/sperical_bot_2/install/sperical_bot_description/lib/python3.10/site-packages:${PYTHONPATH} /usr/bin/python3 -W ignore:setup.py install is deprecated -W ignore:easy_install command is deprecated setup.py egg_info --egg-base ../../build/sperical_bot_description build --build-base /home/om_kolse/DHDR_bot/sperical_bot_2/build/sperical_bot_description/build install --record /home/om_kolse/DHDR_bot/sperical_bot_2/build/sperical_bot_description/install.log --install-scripts $base/lib/sperical_bot_description --single-version-externally-managed install_data
